[    0.000000] Initializing cgroup subsys cpuset
[    0.000000] Initializing cgroup subsys cpu
[    0.000000] Initializing cgroup subsys cpuacct
[    0.000000] Linux version 4.4.0-210-generic (buildd@lgw01-amd64-009) (gcc version 5.4.0 20160609 (Ubuntu 5.4.0-6ubuntu1~16.04.12) ) #242-Ubuntu SMP Fri Apr 16 09:57:56 UTC 2021 (Ubuntu 4.4.0-210.242-generic 4.4.262)
[    0.000000] Command line: BOOT_IMAGE=/boot/vmlinuz-4.4.0-210-generic root=LABEL=cloudimg-rootfs ro console=tty1 console=ttyS0
[    0.000000] KERNEL supported cpus:
[    0.000000]   Intel GenuineIntel
[    0.000000]   AMD AuthenticAMD
[    0.000000]   Centaur CentaurHauls
[    0.000000] x86/fpu: xstate_offset[2]:  576, xstate_sizes[2]:  256
[    0.000000] x86/fpu: Supporting XSAVE feature 0x01: 'x87 floating point registers'
[    0.000000] x86/fpu: Supporting XSAVE feature 0x02: 'SSE registers'
[    0.000000] x86/fpu: Supporting XSAVE feature 0x04: 'AVX registers'
[    0.000000] x86/fpu: Enabled xstate features 0x7, context size is 832 bytes, using 'standard' format.
[    0.000000] e820: BIOS-provided physical RAM map:
[    0.000000] BIOS-e820: [mem 0x0000000000000000-0x000000000009fbff] usable
[    0.000000] BIOS-e820: [mem 0x000000000009fc00-0x000000000009ffff] reserved
[    0.000000] BIOS-e820: [mem 0x00000000000f0000-0x00000000000fffff] reserved
[    0.000000] BIOS-e820: [mem 0x0000000000100000-0x000000003ffeffff] usable
[    0.000000] BIOS-e820: [mem 0x000000003fff0000-0x000000003fffffff] ACPI data
[    0.000000] BIOS-e820: [mem 0x00000000fec00000-0x00000000fec00fff] reserved
[    0.000000] BIOS-e820: [mem 0x00000000fee00000-0x00000000fee00fff] reserved
[    0.000000] BIOS-e820: [mem 0x00000000fffc0000-0x00000000ffffffff] reserved
[    0.000000] NX (Execute Disable) protection: active
[    0.000000] SMBIOS 2.5 present.
[    0.000000] Hypervisor detected: KVM
[    0.000000] e820: last_pfn = 0x3fff0 max_arch_pfn = 0x400000000
[    0.000000] MTRR: Disabled
[    0.000000] x86/PAT: MTRRs disabled, skipping PAT initialization too.
[    0.000000] CPU MTRRs all blank - virtualized system.
[    0.000000] x86/PAT: Configuration [0-7]: WB  WT  UC- UC  WB  WT  UC- UC  
[    0.000000] found SMP MP-table at [mem 0x0009fff0-0x0009ffff] mapped at [ffff88000009fff0]
[    0.000000] Scanning 1 areas for low memory corruption
[    0.000000] RAMDISK: [mem 0x362de000-0x37166fff]
[    0.000000] ACPI: Early table checksum verification disabled
[    0.000000] ACPI: RSDP 0x00000000000E0000 000024 (v02 VBOX  )
[    0.000000] ACPI: XSDT 0x000000003FFF0030 00003C (v01 VBOX   VBOXXSDT 00000001 ASL  00000061)
[    0.000000] ACPI: FACP 0x000000003FFF00F0 0000F4 (v04 VBOX   VBOXFACP 00000001 ASL  00000061)
[    0.000000] ACPI: DSDT 0x000000003FFF0470 002325 (v02 VBOX   VBOXBIOS 00000002 INTL 20190509)
[    0.000000] ACPI: FACS 0x000000003FFF0200 000040
[    0.000000] ACPI: FACS 0x000000003FFF0200 000040
[    0.000000] ACPI: APIC 0x000000003FFF0240 00005C (v02 VBOX   VBOXAPIC 00000001 ASL  00000061)
[    0.000000] ACPI: SSDT 0x000000003FFF02A0 0001CC (v01 VBOX   VBOXCPUT 00000002 INTL 20190509)
[    0.000000] No NUMA configuration found
[    0.000000] Faking a node at [mem 0x0000000000000000-0x000000003ffeffff]
[    0.000000] NODE_DATA(0) allocated [mem 0x3ffeb000-0x3ffeffff]
[    0.000000] kvm-clock: Using msrs 4b564d01 and 4b564d00
[    0.000000] kvm-clock: cpu 0, msr 0:3ffe3001, primary cpu clock
[    0.000000] kvm-clock: using sched offset of 3133723472 cycles
[    0.000000] clocksource: kvm-clock: mask: 0xffffffffffffffff max_cycles: 0x1cd42e4dffb, max_idle_ns: 881590591483 ns
[    0.000000] Zone ranges:
[    0.000000]   DMA      [mem 0x0000000000001000-0x0000000000ffffff]
[    0.000000]   DMA32    [mem 0x0000000001000000-0x000000003ffeffff]
[    0.000000]   Normal   empty
[    0.000000]   Device   empty
[    0.000000] Movable zone start for each node
[    0.000000] Early memory node ranges
[    0.000000]   node   0: [mem 0x0000000000001000-0x000000000009efff]
[    0.000000]   node   0: [mem 0x0000000000100000-0x000000003ffeffff]
[    0.000000] Initmem setup node 0 [mem 0x0000000000001000-0x000000003ffeffff]
[    0.000000] ACPI: PM-Timer IO Port: 0x4008
[    0.000000] IOAPIC[0]: apic_id 2, version 32, address 0xfec00000, GSI 0-23
[    0.000000] ACPI: INT_SRC_OVR (bus 0 bus_irq 0 global_irq 2 dfl dfl)
[    0.000000] ACPI: INT_SRC_OVR (bus 0 bus_irq 9 global_irq 9 low level)
[    0.000000] Using ACPI (MADT) for SMP configuration information
[    0.000000] smpboot: Allowing 2 CPUs, 0 hotplug CPUs
[    0.000000] PM: Registered nosave memory: [mem 0x00000000-0x00000fff]
[    0.000000] PM: Registered nosave memory: [mem 0x0009f000-0x0009ffff]
[    0.000000] PM: Registered nosave memory: [mem 0x000a0000-0x000effff]
[    0.000000] PM: Registered nosave memory: [mem 0x000f0000-0x000fffff]
[    0.000000] e820: [mem 0x40000000-0xfebfffff] available for PCI devices
[    0.000000] Booting paravirtualized kernel on KVM
[    0.000000] clocksource: refined-jiffies: mask: 0xffffffff max_cycles: 0xffffffff, max_idle_ns: 7645519600211568 ns
[    0.000000] setup_percpu: NR_CPUS:512 nr_cpumask_bits:512 nr_cpu_ids:2 nr_node_ids:1
[    0.000000] PERCPU: Embedded 33 pages/cpu @ffff88003fc00000 s95192 r8192 d31784 u1048576
[    0.000000] Built 1 zonelists in Node order, mobility grouping on.  Total pages: 257912
[    0.000000] Policy zone: DMA32
[    0.000000] Kernel command line: BOOT_IMAGE=/boot/vmlinuz-4.4.0-210-generic root=LABEL=cloudimg-rootfs ro console=tty1 console=ttyS0
[    0.000000] PID hash table entries: 4096 (order: 3, 32768 bytes)
[    0.000000] Memory: 997796K/1048120K available (8644K kernel code, 1332K rwdata, 4044K rodata, 1492K init, 1164K bss, 50324K reserved, 0K cma-reserved)
[    0.000000] SLUB: HWalign=64, Order=0-3, MinObjects=0, CPUs=2, Nodes=1
[    0.000000] Kernel/User page tables isolation: enabled
[    0.000000] Hierarchical RCU implementation.
[    0.000000] 	Build-time adjustment of leaf fanout to 64.
[    0.000000] 	RCU restricting CPUs from NR_CPUS=512 to nr_cpu_ids=2.
[    0.000000] RCU: Adjusting geometry for rcu_fanout_leaf=64, nr_cpu_ids=2
[    0.000000] NR_IRQS:33024 nr_irqs:440 16
[    0.000000] Console: colour VGA+ 80x25
[    0.000000] console [tty1] enabled
[    0.000000] console [ttyS0] enabled
[    0.000000] tsc: Detected 1190.400 MHz processor
[    0.114480] Calibrating delay loop (skipped) preset value.. 2380.80 BogoMIPS (lpj=4761600)
[    0.115939] pid_max: default: 32768 minimum: 301
[    0.116737] ACPI: Core revision 20150930
[    0.118276] ACPI: 2 ACPI AML tables successfully acquired and loaded
[    0.119426] Security Framework initialized
[    0.120150] Yama: becoming mindful.
[    0.120846] AppArmor: AppArmor initialized
[    0.121643] Dentry cache hash table entries: 131072 (order: 8, 1048576 bytes)
[    0.123629] Inode-cache hash table entries: 65536 (order: 7, 524288 bytes)
[    0.124909] Mount-cache hash table entries: 2048 (order: 2, 16384 bytes)
[    0.125967] Mountpoint-cache hash table entries: 2048 (order: 2, 16384 bytes)
[    0.127993] Initializing cgroup subsys io
[    0.128728] Initializing cgroup subsys memory
[    0.129547] Initializing cgroup subsys devices
[    0.130438] Initializing cgroup subsys freezer
[    0.131315] Initializing cgroup subsys net_cls
[    0.132163] Initializing cgroup subsys perf_event
[    0.133010] Initializing cgroup subsys net_prio
[    0.133839] Initializing cgroup subsys hugetlb
[    0.134690] Initializing cgroup subsys pids
[    0.139216] mce: CPU supports 0 MCE banks
[    0.140025] Last level iTLB entries: 4KB 0, 2MB 0, 4MB 0
[    0.140965] Last level dTLB entries: 4KB 0, 2MB 0, 4MB 0, 1GB 0
[    0.142016] Spectre V1 : Mitigation: usercopy/swapgs barriers and __user pointer sanitization
[    0.143519] Spectre V2 : Mitigation: Full generic retpoline
[    0.144456] Spectre V2 : Spectre v2 / SpectreRSB mitigation: Filling RSB on context switch
[    0.146092] Speculative Store Bypass: Vulnerable
[    0.147069] MDS: Mitigation: Clear CPU buffers
[    0.150739] Freeing SMP alternatives memory: 36K
[    0.157713] ftrace: allocating 32380 entries in 127 pages
[    0.222832] smpboot: APIC(0) Converting physical 0 to logical package 0
[    0.223920] smpboot: Max logical packages: 1
[    0.224973] x2apic enabled
[    0.225720] Switched APIC routing to physical x2apic.
[    0.227614] ..TIMER: vector=0x30 apic1=0 pin1=2 apic2=-1 pin2=-1
[    0.336668] smpboot: CPU0: Intel(R) Core(TM) i5-1035G1 CPU @ 1.00GHz (family: 0x6, model: 0x7e, stepping: 0x5)
[    0.338782] Performance Events: unsupported p6 CPU model 126 no PMU driver, software events only.
[    0.351033] KVM setup paravirtual spinlock
[    0.352376] x86: Booting SMP configuration:
[    0.353032] .... node  #0, CPUs:      #1
[    0.353894] kvm-clock: cpu 1, msr 0:3ffe3041, secondary cpu clock
[    0.358580] mce: CPU supports 0 MCE banks
[    0.360976] x86: Booted up 1 node, 2 CPUs
[    0.361840] smpboot: Total of 2 processors activated (4761.60 BogoMIPS)
[    0.363325] devtmpfs: initialized
[    0.364944] evm: security.selinux
[    0.365560] evm: security.SMACK64
[    0.366165] evm: security.SMACK64EXEC
[    0.366815] evm: security.SMACK64TRANSMUTE
[    0.367490] evm: security.SMACK64MMAP
[    0.368146] evm: security.ima
[    0.368709] evm: security.capability
[    0.369596] clocksource: jiffies: mask: 0xffffffff max_cycles: 0xffffffff, max_idle_ns: 7645041785100000 ns
[    0.371212] futex hash table entries: 512 (order: 3, 32768 bytes)
[    0.372219] pinctrl core: initialized pinctrl subsystem
[    0.373134] RTC time:  6:00:53, date: 06/29/21
[    0.374050] NET: Registered protocol family 16
[    0.384224] cpuidle: using governor ladder
[    0.396411] cpuidle: using governor menu
[    0.397106] PCCT header not found.
[    0.397790] ACPI: bus type PCI registered
[    0.398491] acpiphp: ACPI Hot Plug PCI Controller Driver version: 0.5
[    0.399524] PCI: Using configuration type 1 for base access
[    0.412267] ACPI: Added _OSI(Module Device)
[    0.412963] ACPI: Added _OSI(Processor Device)
[    0.413715] ACPI: Added _OSI(3.0 _SCP Extensions)
[    0.414486] ACPI: Added _OSI(Processor Aggregator Device)
[    0.415921] ACPI: Executed 1 blocks of module-level executable AML code
[    0.418846] ACPI: Interpreter enabled
[    0.419499] ACPI: (supports S0 S5)
[    0.420096] ACPI: Using IOAPIC for interrupt routing
[    0.421016] PCI: Using host bridge windows from ACPI; if necessary, use "pci=nocrs" and report a bug
[    0.425382] ACPI: PCI Root Bridge [PCI0] (domain 0000 [bus 00-ff])
[    0.426322] acpi PNP0A03:00: _OSC: OS supports [ASPM ClockPM Segments MSI]
[    0.427586] acpi PNP0A03:00: _OSC: not requesting OS control; OS requires [ExtendedConfig ASPM ClockPM MSI]
[    0.429093] acpi PNP0A03:00: fail to add MMCONFIG information, can't access extended PCI configuration space under this bridge.
[    0.431006] PCI host bridge to bus 0000:00
[    0.431686] pci_bus 0000:00: root bus resource [io  0x0000-0x0cf7 window]
[    0.432687] pci_bus 0000:00: root bus resource [io  0x0d00-0xffff window]
[    0.433672] pci_bus 0000:00: root bus resource [mem 0x000a0000-0x000bffff window]
[    0.434887] pci_bus 0000:00: root bus resource [mem 0x40000000-0xfdffffff window]
[    0.436130] pci_bus 0000:00: root bus resource [bus 00-ff]
[    0.438263] pci 0000:00:01.1: legacy IDE quirk: reg 0x10: [io  0x01f0-0x01f7]
[    0.439309] pci 0000:00:01.1: legacy IDE quirk: reg 0x14: [io  0x03f6]
[    0.440277] pci 0000:00:01.1: legacy IDE quirk: reg 0x18: [io  0x0170-0x0177]
[    0.441304] pci 0000:00:01.1: legacy IDE quirk: reg 0x1c: [io  0x0376]
[    0.460324] pci 0000:00:07.0: quirk: [io  0x4000-0x403f] claimed by PIIX4 ACPI
[    0.461566] pci 0000:00:07.0: quirk: [io  0x4100-0x410f] claimed by PIIX4 SMB
[    0.467799] ACPI: PCI Interrupt Link [LNKA] (IRQs 5 9 10 *11)
[    0.469215] ACPI: PCI Interrupt Link [LNKB] (IRQs 5 9 *10 11)
[    0.470464] ACPI: PCI Interrupt Link [LNKC] (IRQs 5 *9 10 11)
[    0.471697] ACPI: PCI Interrupt Link [LNKD] (IRQs 5 9 10 *11)
[    0.472970] ACPI: Enabled 2 GPEs in block 00 to 07
[    0.474070] vgaarb: setting as boot device: PCI:0000:00:02.0
[    0.474945] vgaarb: device added: PCI:0000:00:02.0,decodes=io+mem,owns=io+mem,locks=none
[    0.476306] vgaarb: loaded
[    0.476849] vgaarb: bridge control possible 0000:00:02.0
[    0.477850] SCSI subsystem initialized
[    0.478585] ACPI: bus type USB registered
[    0.479289] usbcore: registered new interface driver usbfs
[    0.480140] usbcore: registered new interface driver hub
[    0.480972] usbcore: registered new device driver usb
[    0.482515] PCI: Using ACPI for IRQ routing
[    0.483454] NetLabel: Initializing
[    0.484070] NetLabel:  domain hash size = 128
[    0.484783] NetLabel:  protocols = UNLABELED CIPSOv4
[    0.485583] NetLabel:  unlabeled traffic allowed by default
[    0.486520] amd_nb: Cannot enumerate AMD northbridges
[    0.487356] clocksource: Switched to clocksource kvm-clock
[    0.493951] AppArmor: AppArmor Filesystem Enabled
[    0.494793] pnp: PnP ACPI init
[    0.495982] pnp: PnP ACPI: found 3 devices
[    0.504847] clocksource: acpi_pm: mask: 0xffffff max_cycles: 0xffffff, max_idle_ns: 2085701024 ns
[    0.506390] NET: Registered protocol family 2
[    0.507275] TCP established hash table entries: 8192 (order: 4, 65536 bytes)
[    0.508337] TCP bind hash table entries: 8192 (order: 5, 131072 bytes)
[    0.509305] TCP: Hash tables configured (established 8192 bind 8192)
[    0.510244] UDP hash table entries: 512 (order: 2, 16384 bytes)
[    0.511144] UDP-Lite hash table entries: 512 (order: 2, 16384 bytes)
[    0.512112] NET: Registered protocol family 1
[    0.512842] pci 0000:00:00.0: Limiting direct PCI/PCI transfers
[    0.513720] pci 0000:00:01.0: Activating ISA DMA hang workarounds
[    0.514740] Unpacking initramfs...
[    0.730180] Freeing initrd memory: 14884K
[    0.731035] clocksource: tsc: mask: 0xffffffffffffffff max_cycles: 0x1128af0325d, max_idle_ns: 440795261011 ns
[    0.732689] platform rtc_cmos: registered platform RTC device (no PNP device found)
[    0.734042] Scanning for low memory corruption every 60 seconds
[    0.735872] audit: initializing netlink subsys (disabled)
[    0.736758] audit: type=2000 audit(1624946458.163:1): initialized
[    0.737936] Initialise system trusted keyring
[    0.738944] HugeTLB registered 2 MB page size, pre-allocated 0 pages
[    0.741064] zbud: loaded
[    0.742449] VFS: Disk quotas dquot_6.6.0
[    0.743333] VFS: Dquot-cache hash table entries: 512 (order 0, 4096 bytes)
[    0.744602] squashfs: version 4.0 (2009/01/31) Phillip Lougher
[    0.745820] fuse init (API version 7.23)
[    0.746623] Key type big_key registered
[    0.747331] Allocating IMA MOK and blacklist keyrings.
[    0.749050] Key type asymmetric registered
[    0.750137] Asymmetric key parser 'x509' registered
[    0.750979] Block layer SCSI generic (bsg) driver version 0.4 loaded (major 249)
[    0.752359] io scheduler noop registered
[    0.753042] io scheduler deadline registered (default)
[    0.753884] io scheduler cfq registered
[    0.754687] pci_hotplug: PCI Hot Plug PCI Core version: 0.5
[    0.755582] pciehp: PCI Express Hot Plug Controller Driver version: 0.4
[    0.757472] ACPI: AC Adapter [AC] (on-line)
[    0.758243] input: Power Button as /devices/LNXSYSTM:00/LNXPWRBN:00/input/input0
[    0.759531] ACPI: Power Button [PWRF]
[    0.760281] input: Sleep Button as /devices/LNXSYSTM:00/LNXSLPBN:00/input/input1
[    0.761564] ACPI: Sleep Button [SLPF]
[    0.762956] ACPI: Battery Slot [BAT0] (battery present)
[    0.764385] GHES: HEST is not enabled!
[    0.765184] Serial: 8250/16550 driver, 32 ports, IRQ sharing enabled
[    0.786576] 00:02: ttyS0 at I/O 0x3f8 (irq = 4, base_baud = 115200) is a 16550A
[    0.788688] Linux agpgart interface v0.103
[    0.790460] loop: module loaded
[    0.791487] scsi host0: ata_piix
[    0.792454] scsi host1: ata_piix
[    0.793382] ata1: PATA max UDMA/33 cmd 0x1f0 ctl 0x3f6 bmdma 0xd000 irq 14
[    0.794378] ata2: PATA max UDMA/33 cmd 0x170 ctl 0x376 bmdma 0xd008 irq 15
[    0.795421] libphy: Fixed MDIO Bus: probed
[    0.796109] tun: Universal TUN/TAP device driver, 1.6
[    0.796832] tun: (C) 1999-2004 Max Krasnyansky <maxk@qualcomm.com>
[    0.797688] PPP generic driver version 2.4.2
[    0.798446] ehci_hcd: USB 2.0 'Enhanced' Host Controller (EHCI) Driver
[    0.799634] ehci-pci: EHCI PCI platform driver
[    0.800785] ehci-platform: EHCI generic platform driver
[    0.801630] ohci_hcd: USB 1.1 'Open' Host Controller (OHCI) Driver
[    0.802539] ohci-pci: OHCI PCI platform driver
[    0.803224] ohci-platform: OHCI generic platform driver
[    0.804069] uhci_hcd: USB Universal Host Controller Interface driver
[    0.804972] i8042: PNP: PS/2 Controller [PNP0303:PS2K,PNP0f03:PS2M] at 0x60,0x64 irq 1,12
[    0.807189] serio: i8042 KBD port at 0x60,0x64 irq 1
[    0.808359] serio: i8042 AUX port at 0x60,0x64 irq 12
[    0.809260] mousedev: PS/2 mouse device common for all mice
[    0.810470] rtc_cmos rtc_cmos: rtc core: registered rtc_cmos as rtc0
[    0.811558] input: AT Translated Set 2 keyboard as /devices/platform/i8042/serio0/input/input2
[    0.813015] rtc_cmos rtc_cmos: alarms up to one day, 114 bytes nvram
[    0.814504] i2c /dev entries driver
[    0.815298] device-mapper: uevent: version 1.0.3
[    0.816171] device-mapper: ioctl: 4.34.0-ioctl (2015-10-28) initialised: dm-devel@redhat.com
[    0.817539] ledtrig-cpu: registered to indicate activity on CPUs
[    0.818787] NET: Registered protocol family 10
[    0.819733] NET: Registered protocol family 17
[    0.820584] Key type dns_resolver registered
[    0.821978] registered taskstats version 1
[    0.822713] Loading compiled-in X.509 certificates
[    0.824027] Loaded X.509 cert 'Build time autogenerated kernel key: cf00e047681d67edb2720680708b7d9498083038'
[    0.825606] zswap: loaded using pool lzo/zbud
[    0.828017] Key type trusted registered
[    0.831707] Key type encrypted registered
[    0.832417] AppArmor: AppArmor sha1 policy hashing enabled
[    0.833272] ima: No TPM chip found, activating TPM-bypass!
[    0.834139] ima: Allocated hash algorithm: sha1
[    0.834983] evm: HMAC attrs: 0x1
[    0.836349]   Magic number: 9:774:14
[    0.837145] rtc_cmos rtc_cmos: setting system clock to 2021-06-29 06:00:53 UTC (1624946453)
[    0.838644] BIOS EDD facility v0.16 2004-Jun-25, 0 devices found
[    0.839557] EDD information not available.
[    1.880859] Freeing unused kernel memory: 1492K
[    1.891407] Write protecting the kernel read-only data: 14336k
[    1.893763] Freeing unused kernel memory: 1584K
[    1.895231] Freeing unused kernel memory: 52K
Loading, please wait...
starting version 229
[    1.907569] random: systemd-udevd: uninitialized urandom read (16 bytes read, 3 bits of entropy available)
[    1.908483] random: udevadm: uninitialized urandom read (16 bytes read, 3 bits of entropy available)
[    1.908505] random: udevadm: uninitialized urandom read (16 bytes read, 3 bits of entropy available)
[    1.912191] random: systemd-udevd: uninitialized urandom read (16 bytes read, 3 bits of entropy available)
[    1.913840] random: systemd-udevd: uninitialized urandom read (16 bytes read, 3 bits of entropy available)
[    1.915352] random: systemd-udevd: uninitialized urandom read (16 bytes read, 3 bits of entropy available)
[    1.916498] random: udevadm: uninitialized urandom read (16 bytes read, 3 bits of entropy available)
[    1.916540] random: udevadm: uninitialized urandom read (16 bytes read, 3 bits of entropy available)
[    1.916656] random: udevadm: uninitialized urandom read (16 bytes read, 3 bits of entropy available)
[    1.916699] random: udevadm: uninitialized urandom read (16 bytes read, 3 bits of entropy available)
[    1.950517] Fusion MPT base driver 3.04.20
[    1.951782] Copyright (c) 1999-2008 LSI Corporation
[    1.953395] e1000: Intel(R) PRO/1000 Network Driver - version 7.3.21-k8-NAPI
[    1.954523] e1000: Copyright (c) 1999-2006 Intel Corporation.
[    1.958161] Fusion MPT SPI Host driver 3.04.20
[    1.971274] AVX2 version of gcm_enc/dec engaged.
[    1.972074] AES CTR mode by8 optimization enabled
[    2.161859] input: ImExPS/2 Generic Explorer Mouse as /devices/platform/i8042/serio1/input/input4
[    2.302743] e1000 0000:00:03.0 eth0: (PCI:33MHz:32-bit) 02:0f:93:65:62:e0
[    2.303833] e1000 0000:00:03.0 eth0: Intel(R) PRO/1000 Network Connection
[    2.305430] mptbase: ioc0: Initiating bringup
[    2.992527] ioc0: LSI53C1030 A0: Capabilities={Initiator}
[    6.016620] scsi host2: ioc0: LSI53C1030 A0, FwRev=00000000h, Ports=1, MaxQ=256, IRQ=20
[    8.728941] scsi 2:0:0:0: Direct-Access     VBOX     HARDDISK         1.0  PQ: 0 ANSI: 5
[    8.730559] scsi target2:0:0: Beginning Domain Validation
[    8.732871] scsi target2:0:0: Domain Validation skipping write tests
[    8.734185] scsi target2:0:0: Ending Domain Validation
[    8.735246] scsi target2:0:0: asynchronous
[    8.736345] scsi 2:0:1:0: Direct-Access     VBOX     HARDDISK         1.0  PQ: 0 ANSI: 5
[    8.737634] scsi target2:0:1: Beginning Domain Validation
[    8.739163] scsi target2:0:1: Domain Validation skipping write tests
[    8.740181] scsi target2:0:1: Ending Domain Validation
[    8.741289] scsi target2:0:1: asynchronous
[    8.744988] sd 2:0:0:0: [sda] 83886080 512-byte logical blocks: (42.9 GB/40.0 GiB)
[    8.745152] sd 2:0:0:0: Attached scsi generic sg0 type 0
[    8.745550] sd 2:0:1:0: Attached scsi generic sg1 type 0
[    8.757183] sd 2:0:0:0: [sda] Write Protect is off
[    8.758064] sd 2:0:0:0: [sda] Incomplete mode parameter data
[    8.759005] sd 2:0:0:0: [sda] Assuming drive cache: write through
[    8.760293] sd 2:0:1:0: [sdb] 20480 512-byte logical blocks: (10.5 MB/10.0 MiB)
[    8.760689]  sda: sda1
[    8.762481] sd 2:0:0:0: [sda] Attached SCSI disk
[    8.763436] sd 2:0:1:0: [sdb] Write Protect is off
[    8.764323] sd 2:0:1:0: [sdb] Incomplete mode parameter data
[    8.765238] sd 2:0:1:0: [sdb] Assuming drive cache: write through
[    8.767437] sd 2:0:1:0: [sdb] Attached SCSI disk
[    9.071870] e1000 0000:00:08.0 eth1: (PCI:33MHz:32-bit) 08:00:27:62:73:e8
[    9.073360] e1000 0000:00:08.0 eth1: Intel(R) PRO/1000 Network Connection
[    9.075112] e1000 0000:00:08.0 enp0s8: renamed from eth1
[    9.087649] e1000 0000:00:03.0 enp0s3: renamed from eth0
Begin: Loading essential drivers ... [   10.365618] md: linear personality registered for level -1
[   10.370534] md: multipath personality registered for level -4
[   10.373775] md: raid0 personality registered for level 0
[   10.377283] md: raid1 personality registered for level 1
[   10.447385] raid6: sse2x1   gen() 11364 MB/s
[   10.515392] raid6: sse2x1   xor()  7920 MB/s
[   10.583399] raid6: sse2x2   gen() 15753 MB/s
[   10.651396] raid6: sse2x2   xor() 10618 MB/s
[   10.719374] raid6: sse2x4   gen() 16403 MB/s
[   10.787399] raid6: sse2x4   xor() 10932 MB/s
[   10.855403] raid6: avx2x1   gen() 19053 MB/s
[   10.923404] raid6: avx2x2   gen() 24648 MB/s
[   10.991373] raid6: avx2x4   gen() 26298 MB/s
[   10.992265] raid6: using algorithm avx2x4 gen() 26298 MB/s
[   10.993286] raid6: using avx2x2 recovery algorithm
[   10.995663] xor: automatically using best checksumming function:
[   11.063379]    avx       : 35956.000 MB/sec
[   11.065329] async_tx: api initialized (async)
[   11.073109] md: raid6 personality registered for level 6
[   11.073970] md: raid5 personality registered for level 5
[   11.074809] md: raid4 personality registered for level 4
[   11.080350] md: raid10 personality registered for level 10
done.
Begin: Running /scripts/init-premount ... done.
Begin: Mounting root file system ... Begin: Running /scripts/local-top ... done.
Begin: Running /scripts/local-premount ... [   11.106940] Btrfs loaded
Scanning for Btrfs filesystems
done.
Warning: fsck not present, so skipping root file system
[   11.128234] EXT4-fs (sda1): mounted filesystem with ordered data mode. Opts: (null)
done.
Begin: Running /scripts/local-bottom ... done.
Begin: Running /scripts/init-bottom ... done.
[   11.198866] systemd[1]: systemd 229 running in system mode. (+PAM +AUDIT +SELINUX +IMA +APPARMOR +SMACK +SYSVINIT +UTMP +LIBCRYPTSETUP +GCRYPT +GNUTLS +ACL +XZ -LZ4 +SECCOMP +BLKID +ELFUTILS +KMOD -IDN)
[   11.201521] systemd[1]: Detected virtualization oracle.
[   11.202342] systemd[1]: Detected architecture x86-64.

Welcome to [1mUbuntu 16.04.7 LTS[0m!

[   11.204862] systemd[1]: Set hostname to <ubuntu>.
[   11.206749] systemd[1]: Initializing machine ID from random generator.
[   11.207734] systemd[1]: Installed transient /etc/machine-id file.
[   11.294249] systemd[1]: Listening on Syslog Socket.
[[0;32m  OK  [0m] Listening on Syslog Socket.
[   11.295703] systemd[1]: Listening on Journal Audit Socket.
[[0;32m  OK  [0m] Listening on Journal Audit Socket.
[   11.297100] systemd[1]: Listening on LVM2 poll daemon socket.
[[0;32m  OK  [0m] Listening on LVM2 poll daemon socket.
[   11.298529] systemd[1]: Reached target Encrypted Volumes.
[[0;32m  OK  [0m] Reached target Encrypted Volumes.
[   11.299905] systemd[1]: Started Forward Password Requests to Wall Directory Watch.
[[0;32m  OK  [0m] Started Forward Password Requests to Wall Directory Watch.
[   11.301849] systemd[1]: Listening on /dev/initctl Compatibility Named Pipe.
[[0;32m  OK  [0m] Listening on /dev/initctl Compatibility Named Pipe.
[   11.303519] systemd[1]: Listening on Journal Socket.
[[0;32m  OK  [0m] Listening on Journal Socket.
[   11.305019] systemd[1]: Created slice System Slice.
[[0;32m  OK  [0m] Created slice System Slice.
[   11.315542] systemd[1]: Starting Load Kernel Modules...
         Starting Load Kernel Modules...
[   11.317631] systemd[1]: Starting Nameserver information manager...
         Starting Nameserver information manager...
[   11.319843] systemd[1]: Starting Set console keymap...
         Starting Set console keymap...
[   11.321622] systemd[1]: Reached target User and Group Name Lookups.
[[0;32m  OK  [0m] Reached target User and Group Name Lookups.
[   11.324613] systemd[1]: Mounting POSIX Message Queue File System...
         Mounting POSIX Message Queue File System...
[   11.326218] systemd[1]: Listening on udev Control Socket.
[   11.326251] Loading iSCSI transport class v2.0-870.
[[0;32m  OK  [0m] Listening on udev Control Socket.
[   11.329212] systemd[1]: Reached target System Time Synchronized.
[[0;32m  OK  [0m] Reached target System Time Synchronized.
[   11.331292] systemd[1]: Created slice User and Session Slice.
[[0;32m  OK  [0m] Created slice User and Session Slice.
[   11.332989] systemd[1]: Listening on LVM2 metadata daemon socket.
[[0;32m  OK  [0m] Listening on LVM2 metadata daemon socket.
[   11.335247] systemd[1]: Starting Create list of required static device nodes for the current kernel...
[   11.335738] iscsi: registered transport (tcp)
         Starting Create list of required st... nodes for the current kernel...
[   11.339912] systemd[1]: Mounting Huge Pages File System...
         Mounting Huge Pages File System...
[   11.342002] systemd[1]: Started Trigger resolvconf update for networkd DNS.
[[0;32m  OK  [0m] Started Trigger resolvconf update for networkd DNS.
[   11.344291] systemd[1]: Starting Uncomplicated firewall...
         Starting Uncomplicated firewall...
[   11.346009] systemd[1]: Set up automount Arbitrary Executable File Formats File System Automount Point.
[[0;32m  OK  [0m] Set up automount Arbitrary Executab...ats File System Automount Point.
[   11.349733] systemd[1]: Mounting Debug File System...
         Mounting Debug File System...
[   11.351395] systemd[1]: Created slice system-serial\x2dgetty.slice.
[[0;32m  OK  [0m] Created slice system-serial\x2dgetty.slice.
[   11.353416] systemd[1]: Listening on Device-mapper event daemon FIFOs.
[[0;32m  OK  [0m] Listening on Device-mapper event daemon FIFOs.
[   11.357538] systemd[1]: Starting Monitoring of LVM2 mirrors, snapshots etc. using dmeventd or progress polling...
         Starting Monitoring of LVM2 mirrors... dmeventd or progress polling...
[   11.360118] systemd[1]: Listening on fsck to fsckd communication Socket.
[[0;32m  OK  [0m] Listening on fsck to fsckd communication Socket.
[   11.364627] systemd[1]: Starting File System Check on Root Device...
         Starting File System Check on Root Device...
[   11.367546] systemd[1]: Reached target Slices.
[[0;32m  OK  [0m] Reached target Slices.
[   11.369014] systemd[1]: Reached target Swap.
[[0;32m  OK  [0m] Reached target Swap.
[   11.372982] systemd[1]: Listening on udev Kernel Socket.
[[0;32m  OK  [0m] Listening on udev Kernel Socket.
[   11.375952] systemd[1]: Listening on Journal Socket (/dev/log).
[[0;32m  OK  [0m] Listening on Journal Socket (/dev/log).
[   11.384391] iscsi: registered transport (iser)
[   11.387587] systemd[1]: Starting Journal Service...
         Starting Journal Service...
[   11.390393] systemd[1]: Mounted Huge Pages File System.
[[0;32m  OK  [0m] Mounted Huge Pages File System.
[   11.391961] systemd[1]: Mounted Debug File System.
[[0;32m  OK  [0m] Mounted Debug File System.
[   11.393379] systemd[1]: Mounted POSIX Message Queue File System.
[[0;32m  OK  [0m] Mounted POSIX Message Queue File System.
[   11.395375] systemd[1]: Started Load Kernel Modules.
[[0;32m  OK  [0m] Started Load Kernel Modules.
[   11.397737] systemd[1]: Started Set console keymap.
[[0;32m  OK  [0m] Started Set console keymap.
[   11.399797] systemd[1]: Started Create list of required static device nodes for the current kernel.
[[0;32m  OK  [0m] Started Create list of required sta...ce nodes for the current kernel.
[   11.403508] systemd[1]: Started Uncomplicated firewall.
[[0;32m  OK  [0m] Started Uncomplicated firewall.
[   11.405551] systemd[1]: Started File System Check on Root Device.
[[0;32m  OK  [0m] Started File System Check on Root Device.
[   11.407532] systemd[1]: Started Nameserver information manager.
[[0;32m  OK  [0m] Started Nameserver information manager.
[   11.412031] systemd[1]: Started LVM2 metadata daemon.
[[0;32m  OK  [0m] Started LVM2 metadata daemon.
[   11.414414] systemd[1]: Started File System Check Daemon to report status.
[[0;32m  OK  [0m] Started File System Check Daemon to report status.
[   11.417214] systemd[1]: Starting Remount Root and Kernel File Systems...
         Starting Remount Root and Kernel File Systems...
[   11.420127] systemd[1]: Starting Create Static Device Nodes in /dev...
[   11.422486] EXT4-fs (sda1): re-mounted. Opts: (null)
         Starting Create Static Device Nodes in /dev...
[   11.424164] systemd[1]: Starting Apply Kernel Variables...
         Starting Apply Kernel Variables...
[   11.426389] systemd[1]: Mounting FUSE Control File System...
         Mounting FUSE Control File System...
[   11.428880] systemd[1]: Started Journal Service.
[[0;32m  OK  [0m] Started Journal Service.
[[0;32m  OK  [0m] Mounted FUSE Control File System.
[[0;32m  OK  [0m] Started Remount Root and Kernel File Systems.
[[0;32m  OK  [0m] Started Apply Kernel Variables.
         Starting udev Coldplug all Devices...
         Starting Load/Save Random Seed...
         Starting Flush Journal to Persistent Storage...
[[0;32m  OK  [0m] Started Create Static Device Nodes in /dev.
         Starting udev Kernel Device Manager...
[[0;32m  OK  [0m] Started Load/Save Random Seed.
[[0;32m  OK  [0m] Started Flush Journal to Persistent Storage.
[[0;32m  OK  [0m] Started udev Kernel Device Manager.
[[0;32m  OK  [0m] Started udev Coldplug all Devices.
[[0;32m  OK  [0m] Started Dispatch Password Requests to Console Directory Watch.
[[0;32m  OK  [0m] Found device /dev/ttyS0.
[[0;32m  OK  [0m] Listening on Load/Save RF Kill Switch Status /dev/rfkill Watch.
[[0;32m  OK  [0m] Started Monitoring of LVM2 mirrors,...ng dmeventd or progress polling.
[[0;32m  OK  [0m] Reached target Local File Systems (Pre).
[[0;32m  OK  [0m] Reached target Local File Systems.
         Starting LSB: AppArmor initialization...
         Starting Commit a transient machine-id on disk...
         Starting Create Volatile Files and Directories...
         Starting Initial cloud-init job (pre-networking)...
         Starting Tell Plymouth To Write Out Runtime Data...
         Starting Set console font and keymap...
[[0;32m  OK  [0m] Started Create Volatile Files and Directories.
[[0;32m  OK  [0m] Started Commit a transient machine-id on disk.
[[0;32m  OK  [0m] Started Tell Plymouth To Write Out Runtime Data.
         Starting Update UTMP about System Boot/Shutdown...
[[0;32m  OK  [0m] Started Update UTMP about System Boot/Shutdown.
[[0;32m  OK  [0m] Started Set console font and keymap.
[[0;32m  OK  [0m] Created slice system-getty.slice.
[[0;32m  OK  [0m] Started LSB: AppArmor initialization.
         Starting Load AppArmor profiles managed internally by snapd...
[[0;32m  OK  [0m] Started Load AppArmor profiles managed internally by snapd.
[   12.795704] cloud-init[619]: Cloud-init v. 21.1-19-gbad84ad4-0ubuntu1~16.04.2 running 'init-local' at Tue, 29 Jun 2021 06:01:05 +0000. Up 12.52 seconds.
[[0;32m  OK  [0m] Started Initial cloud-init job (pre-networking).
[[0;32m  OK  [0m] Reached target Network (Pre).
         Starting Raise network interfaces...
[[0;32m  OK  [0m] Started Raise network interfaces.
         Starting Initial cloud-init job (metadata service crawler)...
[[0;32m  OK  [0m] Reached target Network.
[   13.669847] cloud-init[957]: Cloud-init v. 21.1-19-gbad84ad4-0ubuntu1~16.04.2 running 'init' at Tue, 29 Jun 2021 06:01:06 +0000. Up 13.22 seconds.
[   13.671411] cloud-init[957]: ci-info: ++++++++++++++++++++++++++++++++++++++Net device info++++++++++++++++++++++++++++++++++++++
[   13.673637] cloud-init[957]: ci-info: +--------+-------+---------------------------+---------------+--------+-------------------+
[   13.675640] cloud-init[957]: ci-info: | Device |   Up  |          Address          |      Mask     | Scope  |     Hw-Address    |
[   13.677122] cloud-init[957]: ci-info: +--------+-------+---------------------------+---------------+--------+-------------------+
[   13.678454] cloud-init[957]: ci-info: | enp0s3 |  True |         10.0.2.15         | 255.255.255.0 | global | 02:0f:93:65:62:e0 |
[   13.679950] cloud-init[957]: ci-info: | enp0s3 |  True | fe80::f:93ff:fe65:62e0/64 |       .       |  link  | 02:0f:93:65:62:e0 |
[   13.681439] cloud-init[957]: ci-info: | enp0s8 | False |             .             |       .       |   .    | 08:00:27:62:73:e8 |
[   13.682876] cloud-init[957]: ci-info: |   lo   |  True |         127.0.0.1         |   255.0.0.0   |  host  |         .         |
[   13.684448] cloud-init[957]: ci-info: |   lo   |  True |          ::1/128          |       .       |  host  |         .         |
[   13.685863] cloud-init[957]: ci-info: +--------+-------+---------------------------+---------------+--------+-------------------+
[   13.687270] cloud-init[957]: ci-info: +++++++++++++++++++++++++++Route IPv4 info++++++++++++++++++++++++++++
[   13.688550] cloud-init[957]: ci-info: +-------+-------------+----------+---------------+-----------+-------+
[   13.689792] cloud-init[957]: ci-info: | Route | Destination | Gateway  |    Genmask    | Interface | Flags |
[   13.691097] cloud-init[957]: ci-info: +-------+-------------+----------+---------------+-----------+-------+
[   13.692367] cloud-init[957]: ci-info: |   0   |   0.0.0.0   | 10.0.2.2 |    0.0.0.0    |   enp0s3  |   UG  |
[   13.693600] cloud-init[957]: ci-info: |   1   |   10.0.2.0  | 0.0.0.0  | 255.255.255.0 |   enp0s3  |   U   |
[   13.694984] cloud-init[957]: ci-info: +-------+-------------+----------+---------------+-----------+-------+
[   13.696245] cloud-init[957]: ci-info: +++++++++++++++++++Route IPv6 info+++++++++++++++++++
[   13.697427] cloud-init[957]: ci-info: +-------+-------------+---------+-----------+-------+
[   13.698585] cloud-init[957]: ci-info: | Route | Destination | Gateway | Interface | Flags |
[   13.699847] cloud-init[957]: ci-info: +-------+-------------+---------+-----------+-------+
[   13.701036] cloud-init[957]: [[0;32m  OK  [0m] Started Initial cloud-init job (metadata service crawler).
[[0;32m  OK  [0m] Reached target Cloud-config availability.
[[0;32m  OK  [0m] Reached target Network is Online.
ci-info: |   0   |  fe80::/64  |    ::   |   enp0s3  |   U   |
[   13.703518] cloud-init[957]: ci-info: |   3   |   ff00::/8  |    ::   |   enp0s3  |   U   |
[   13.704501] cloud-init[957]: ci-info: +-------+-------------+---------+-----------+-------+
[   13.705516] cloud-init[957]: Generating public/private rsa key pair.
[   13.706360] cloud-init[957]: Your identification has been saved in /etc/ssh/ssh_host_rsa_key.
[   13.707354] cloud-init[957]: Your public key has been saved in /etc/ssh/ssh_host_rsa_key.pub.
[   13.708353] cloud-init[957]: The key fingerprint is:
[   13.709123] cloud-init[957]: SHA256:2P9LjwPSR1mCFc/wvn2Sf3tIf34iktmSClS7vdO2IPs root@ubuntu-xenial
[   13.710050] cloud-init[957]: The key's randomart image is:
[   13.710833] cloud-init[957]: +---[RSA 2048]----+
[   13.711544] cloud-init[957]: |           o+.   |
         Starting iSCSI initiator daemon (iscsid)...
[   13.712665] [[0;32m  OK  [0m] Reached target System Initialization.
cloud-init[957]: |          . .=.  |
[   13.713911] [[0;32m  OK  [0m] Started ACPI Events Check.
[[0;32m  OK  [0m] Reached target Paths.
[[0;32m  OK  [0m] Started Message of the Day.
[[0;32m  OK  [0m] Listening on UUID daemon activation socket.
         Starting Socket activation for snappy daemon.
[[0;32m  OK  [0m] Started Ubuntu Advantage update messaging.
[[0;32m  OK  [0m] Listening on D-Bus System Message Bus Socket.
cloud-init[957]: |        .    ++  |
         Starting LXD - unix socket.
[[0;32m  OK  [0m] Listening on ACPID Listen Socket.
[[0;32m  OK  [0m] Started Daily Cleanup of Temporary Directories.
[[0;32m  OK  [0m] Started Daily apt download activities.
[[0;32m  OK  [0m] Started Daily apt upgrade and clean activities.
[[0;32m  OK  [0m] Reached target Timers.
[[0;32m  OK  [0m] Listening on Socket activation for snappy daemon.
[   13.721262] [[0;32m  OK  [0m] Listening on LXD - unix socket.
[[0;32m  OK  [0m] Reached target Sockets.
[[0;32m  OK  [0m] Reached target Basic System.
         Starting LSB: MD monitoring daemon...
cloud-init[957]: |       + .  o.   |
         Starting Pollinate to seed the pseudo random number generator...
         Starting Virtualbox guest utils...
         Starting LSB: Record successful boot for GRUB...
         Starting Accounts Service...
[   13.725903] cloud-init[957]: |      o S. .  .  |
[   13.726784] cloud-init[957]: |     .  .+o . .+ |
[   13.727517] cloud-init[957]: |      . o.+O..+oo|
[   13.728282] cloud-init[957]: |       . oB=*oooB|
[[0;32m  OK  [0m] Started Deferred execution scheduler.
[   13.728971] cloud-init[957]: |        ooE===.+O|
[[0;32m  OK  [0m] Started Regular background program processing daemon.
[   13.731300] cloud-init[957]: +----[SHA256]-----+
         Starting System Logging Service...
[[0;32m  OK  [0m] Started D-Bus System Message Bus.
[   13.733863] cloud-init[957]: Generating public/private dsa key pair.
[   13.742911] cloud-init[957]: Your identification has been saved in /etc/ssh/ssh_host_dsa_key.
[   13.745364] cloud-init[957]: Your public key has been saved in /etc/ssh/ssh_host_dsa_key.pub.
[   13.747217] cloud-init[957]: The key fingerprint is:
[   13.747952] cloud-init[957]: SHA256:GjEC9XL/jmFqIVFCRTgu3mlfQVa011cwOSVwlPwZ850 root@ubuntu-xenial
[   13.749887] cloud-init[957]: The key's randomart image is:
[   13.751740] cloud-init[957]: +---[DSA 1024]----+
[   13.753725] cloud-init[957]: |  .oo+o  oo .+*=o|
[   13.754503] cloud-init[957]: |   .+.. o  . o==.|
[   13.755614] cloud-init[957]: |   .o+=o  . . .oO|
[   13.756260] cloud-init[957]: |  . o+ +.  .   E+|
[   13.758532] cloud-init[957]: | . o o. S.       |
[   13.760459] cloud-init[957]: |  . = .o..       |
[   13.761314] cloud-init[957]: |   . o.oo .      |
[   13.764303] cloud-init[957]: |      oo +       |
[   13.766342] cloud-init[957]: |     .. . .      |
[   13.767010] cloud-init[957]: +----[SHA256]-----+
[   13.767637] cloud-init[957]: Generating public/private ecdsa key pair.
[   13.768416] cloud-init[957]: Your identification has been saved in /etc/ssh/ssh_host_ecdsa_key.
[   13.769399] cloud-init[957]: Your public key has been saved in /etc/ssh/ssh_host_ecdsa_key.pub.
[   13.770442] cloud-init[957]: The key fingerprint is:
[   13.771106] cloud-init[957]: SHA256:Ecro+dpQrQiTSicnr0LpOvigLAY0d9qops7/p/ASIH8 root@ubuntu-xenial
[   13.772180] cloud-init[957]: The key's randomart image is:
[   13.772864] cloud-init[957]: +---[ECDSA 256]---+
[   13.773490] cloud-init[957]: |        .        |
[   13.774108] cloud-init[957]: |     o . .       |
[   13.774742] cloud-init[957]: |    . o .        |
[   13.775816] cloud-init[957]: |.+ + o . .       |
[   13.777566] cloud-init[957]: |o=OoB . S        |
[   13.778696] cloud-init[957]: |o+B*E= .         |
[   13.779441] cloud-init[957]: |B .++ o          |
[   13.780227] cloud-init[957]: |O*..o+ .         |
[   13.781787] cloud-init[957]: |%Bo.+++          |
[   13.782619] cloud-init[957]: +----[SHA256]-----+
[   13.784149] cloud-init[957]: Generating public/private ed25519 key pair.
[   13.784941] cloud-init[957]: Your identification has been saved in /etc/ssh/ssh_host_ed25519_key.
[   13.785953] cloud-init[957]: Your public key has been saved in /etc/ssh/ssh_host_ed25519_key.pub.
[   13.786868] cloud-init[957]: The key fingerprint is:
[   13.787447] cloud-init[957]: SHA256:Xn7uqOb8PdTxlO4zAJGhXeGi+tiRMGp2dWl8GGwMiBo root@ubuntu-xenial
[   13.788428] cloud-init[957]: The key's randomart image is:
[   13.789055] cloud-init[957]: +--[ED25519 256]--+
[   13.789612] cloud-init[957]: |      . .. .oo.  |
[   13.790195] cloud-init[957]: |   E . .  *oo    |
         Starting Login Service...
         Starting /etc/rc.local Compatibility...
[[0;32m  OK  [0m] Started ACPI event daemon.
         Starting LXD - container startup/shutdown...
[[0;32m  OK  [0m] Started FUSE filesystem for LXC.
         Starting Snap Daemon...
[[0;32m  OK  [0m] Started System Logging Service.
[[0;32m  OK  [0m] Started /etc/rc.local Compatibility.
[   13.805305] cloud-init[957]: |    o    . B..  .|
         Starting Authenticate and Authorize Users to Run Privileged Tasks...
[   13.825074] cloud-init[957]: |   .      +.= ...|[[0;32m  OK  [0m] Started LSB: Record successful boot for GRUB.
[[0;32m  OK  [0m] Started iSCSI initiator daemon (iscsid).

[   13.828966] cloud-init[957]: |       oSo.*.o.+ |
[   13.831892] cloud-init[957]: |      ..=o+ o....|
[   13.834401] cloud-init[957]: |     + o.o... o  |
[   13.838171] cloud-init         Starting Login to default iSCSI targets...
[[0;32m  OK  [0m] Started LSB: MD monitoring daemon.
[957]: |    o ..= .=.  + |[[0;32m  OK  [0m] Started Login Service.
[[0;32m  OK  [0m] Started Unattended Upgrades Shutdown.

[   13.847765] cloud-init[957]: |       ++=o.+.  o|
[   13.849585] cloud-init[957]: +----[SHA256]-----+
[[0;32m  OK  [0m] Started Login to default iSCSI targets.
[[0;32m  OK  [0m] Reached target Remote File Systems (Pre).
[[0;32m  OK  [0m] Reached target Remote File Systems.
         Starting LSB: automatic crash report generation...
         Starting LSB: Set the CPU Frequency Scaling governor to "ondemand"...
         Starting Permit User Sessions...
         Starting LSB: daemon to balance interrupts for SMP systems...
[[0;32m  OK  [0m] Started Permit User Sessions.
         Starting Hold until boot process finishes up...
         Starting Terminate Plymouth Boot Screen...
[[0;32m  OK  [0m] Started Hold until boot process finishes up.
[[0;32m  OK  [0m] Started Getty on tty1.
[[0;32m  OK  [0m] Started Serial Getty on ttyS0.
[[0;32m  OK  [0m] Reached target Login Prompts.
         Starting Set console scheme...
[[0;32m  OK  [0m] Started Terminate Plymouth Boot Screen.
[[0;32m  OK  [0m] Started Set console scheme.
[[0;32m  OK  [0m] Started Authenticate and Authorize Users to Run Privileged Tasks.
[[0;32m  OK  [0m] Started LSB: Set the CPU Frequency Scaling governor to "ondemand".
[[0;32m  OK  [0m] Started Accounts Service.
[[0;32m  OK  [0m] Started LSB: daemon to balance interrupts for SMP systems.
[[0;32m  OK  [0m] Started LXD - container startup/shutdown.
[[0;32m  OK  [0m] Started LSB: automatic crash report generation.
[[0;32m  OK  [0m] Started Virtualbox guest utils.
[[0;32m  OK  [0m] Started Snap Daemon.
         Starting Wait until snapd is fully seeded...
[[0;32m  OK  [0m] Started Pollinate to seed the pseudo random number generator.
         Starting OpenBSD Secure Shell server...
[[0;32m  OK  [0m] Started OpenBSD Secure Shell server.

Ubuntu 16.04.7 LTS ubuntu-xenial ttyS0

ubuntu-xenial login: [   36.712310] cloud-init[1770]: Generating locales (this might take a while)...
[   37.386501] cloud-init[1770]:   en_US.UTF-8... done
[   37.387967] cloud-init[1770]: Generation complete.
[   37.717322] cloud-init[1770]: Cloud-init v. 21.1-19-gbad84ad4-0ubuntu1~16.04.2 running 'modules:config' at Tue, 29 Jun 2021 06:01:29 +0000. Up 36.63 seconds.
ci-info: no authorized SSH keys fingerprints found for user ubuntu.
<14>Jun 29 06:01:31 ec2: 
<14>Jun 29 06:01:31 ec2: #############################################################
<14>Jun 29 06:01:31 ec2: -----BEGIN SSH HOST KEY FINGERPRINTS-----
<14>Jun 29 06:01:31 ec2: 1024 SHA256:GjEC9XL/jmFqIVFCRTgu3mlfQVa011cwOSVwlPwZ850 root@ubuntu-xenial (DSA)
<14>Jun 29 06:01:31 ec2: 256 SHA256:Ecro+dpQrQiTSicnr0LpOvigLAY0d9qops7/p/ASIH8 root@ubuntu-xenial (ECDSA)
<14>Jun 29 06:01:31 ec2: 256 SHA256:Xn7uqOb8PdTxlO4zAJGhXeGi+tiRMGp2dWl8GGwMiBo root@ubuntu-xenial (ED25519)
<14>Jun 29 06:01:31 ec2: 2048 SHA256:2P9LjwPSR1mCFc/wvn2Sf3tIf34iktmSClS7vdO2IPs root@ubuntu-xenial (RSA)
<14>Jun 29 06:01:31 ec2: -----END SSH HOST KEY FINGERPRINTS-----
<14>Jun 29 06:01:31 ec2: #############################################################
-----BEGIN SSH HOST KEY KEYS-----
ecdsa-sha2-nistp256 AAAAE2VjZHNhLXNoYTItbmlzdHAyNTYAAAAIbmlzdHAyNTYAAABBBHm3/t2ksli7VIkkHvAldaCcfuEOTrF9uOLNXIc6uEBbRALftw0YPd6GlQ0Jy/ATUUGDkRJGuvTT6qoUwpQA+eE= root@ubuntu-xenial
ssh-ed25519 AAAAC3NzaC1lZDI1NTE5AAAAIEs+b7w6fu2o4nra5sBY/kqsHHvcOmppjetPovubJPWH root@ubuntu-xenial
ssh-rsa AAAAB3NzaC1yc2EAAAADAQABAAABAQDNLHOGCaBXyr1ymP9efOTazu6fJ3eCsjfITRRlKV9gjF4Y8XhCFwxZX93X2mOMHPaS3SlZLQzniDaZ8E3mxD0tH+QfajNSIdGVHaG2pgESQNAbzx04yy+f5JJYtA9zsR8jAaLaoI4jVSe9mbj7xrALWS0f64tM27ayHjIBUX/HQwUdSNwZ8F1Oe+ab2jTTenaAIXyBOKMNrA+mD6EcaED8hTMoBrlZAgJsn4UDcpBIE/cLaFTnYXoA54C6aV/5RSRI4LacApgQ/iL2JIZiCiKRDpfI2K5+zwvylZysH8QX9qCNpTEZDHk/tjFl9SKfnOWznpCXYASBjUJoWRjXhxEf root@ubuntu-xenial
-----END SSH HOST KEY KEYS-----
[   38.261774] cloud-init[1812]: Cloud-init v. 21.1-19-gbad84ad4-0ubuntu1~16.04.2 running 'modules:final' at Tue, 29 Jun 2021 06:01:30 +0000. Up 38.13 seconds.
[   38.263386] cloud-init[1812]: ci-info: no authorized SSH keys fingerprints found for user ubuntu.
[   38.264456] cloud-init[1812]: Cloud-init v. 21.1-19-gbad84ad4-0ubuntu1~16.04.2 finished at Tue, 29 Jun 2021 06:01:31 +0000. Datasource DataSourceNoCloud [seed=/dev/sdb][dsmode=net].  Up 38.25 seconds
